<?xml version="1.0" encoding="UTF-8" ?>

<testsuite failures="0" time="0.154" errors="0" skipped="0" tests="2" name="BasicTest">
  <testcase classname="BasicTest" name="createAndRetrieveProduct" time="0.026">
      </testcase>
  <testcase classname="BasicTest" name="fullTest" time="0.128">
      </testcase>
</testsuite>